
*** Running vivado
    with args -log System_v_tc_0_1.vds -m64 -product Vivado -mode batch -messageDb vivado.pb -notrace -source System_v_tc_0_1.tcl


****** Vivado v2018.2 (64-bit)
  **** SW Build 2258646 on Thu Jun 14 20:02:38 MDT 2018
  **** IP Build 2256618 on Thu Jun 14 22:10:49 MDT 2018
    ** Copyright 1986-2018 Xilinx, Inc. All Rights Reserved.

source System_v_tc_0_1.tcl -notrace
Command: synth_design -top System_v_tc_0_1 -part xc7z020clg400-1 -mode out_of_context
Starting synth_design
Attempting to get a license for feature 'Synthesis' and/or device 'xc7z020'
INFO: [Common 17-349] Got license for feature 'Synthesis' and/or device 'xc7z020'
INFO: Launching helper process for spawning children vivado processes
INFO: Helper process launched with PID 28702 
---------------------------------------------------------------------------------
Starting RTL Elaboration : Time (s): cpu = 00:00:02 ; elapsed = 00:00:03 . Memory (MB): peak = 1287.730 ; gain = 82.836 ; free physical = 796 ; free virtual = 2211
---------------------------------------------------------------------------------
INFO: [Synth 8-638] synthesizing module 'System_v_tc_0_1' [/home/sergiu/Documents/DDC/DDC.srcs/sources_1/bd/System/ip/System_v_tc_0_1/synth/System_v_tc_0_1.vhd:82]
	Parameter C_HAS_AXI4_LITE bound to: 0 - type: integer 
	Parameter C_HAS_INTC_IF bound to: 0 - type: integer 
	Parameter C_GEN_INTERLACED bound to: 0 - type: integer 
	Parameter C_GEN_HACTIVE_SIZE bound to: 1280 - type: integer 
	Parameter C_GEN_VACTIVE_SIZE bound to: 720 - type: integer 
	Parameter C_GEN_CPARITY bound to: 0 - type: integer 
	Parameter C_GEN_FIELDID_POLARITY bound to: 1 - type: integer 
	Parameter C_GEN_VBLANK_POLARITY bound to: 1 - type: integer 
	Parameter C_GEN_HBLANK_POLARITY bound to: 1 - type: integer 
	Parameter C_GEN_VSYNC_POLARITY bound to: 1 - type: integer 
	Parameter C_GEN_HSYNC_POLARITY bound to: 1 - type: integer 
	Parameter C_GEN_AVIDEO_POLARITY bound to: 1 - type: integer 
	Parameter C_GEN_ACHROMA_POLARITY bound to: 1 - type: integer 
	Parameter C_GEN_VIDEO_FORMAT bound to: 2 - type: integer 
	Parameter C_GEN_HFRAME_SIZE bound to: 1650 - type: integer 
	Parameter C_GEN_F0_VFRAME_SIZE bound to: 750 - type: integer 
	Parameter C_GEN_F1_VFRAME_SIZE bound to: 750 - type: integer 
	Parameter C_GEN_HSYNC_START bound to: 1390 - type: integer 
	Parameter C_GEN_HSYNC_END bound to: 1430 - type: integer 
	Parameter C_GEN_F0_VBLANK_HSTART bound to: 1280 - type: integer 
	Parameter C_GEN_F0_VBLANK_HEND bound to: 1280 - type: integer 
	Parameter C_GEN_F0_VSYNC_VSTART bound to: 724 - type: integer 
	Parameter C_GEN_F0_VSYNC_VEND bound to: 729 - type: integer 
	Parameter C_GEN_F0_VSYNC_HSTART bound to: 1280 - type: integer 
	Parameter C_GEN_F0_VSYNC_HEND bound to: 1280 - type: integer 
	Parameter C_GEN_F1_VBLANK_HSTART bound to: 1280 - type: integer 
	Parameter C_GEN_F1_VBLANK_HEND bound to: 1280 - type: integer 
	Parameter C_GEN_F1_VSYNC_VSTART bound to: 724 - type: integer 
	Parameter C_GEN_F1_VSYNC_VEND bound to: 729 - type: integer 
	Parameter C_GEN_F1_VSYNC_HSTART bound to: 1280 - type: integer 
	Parameter C_GEN_F1_VSYNC_HEND bound to: 1280 - type: integer 
	Parameter C_FSYNC_HSTART0 bound to: 0 - type: integer 
	Parameter C_FSYNC_VSTART0 bound to: 0 - type: integer 
	Parameter C_FSYNC_HSTART1 bound to: 0 - type: integer 
	Parameter C_FSYNC_VSTART1 bound to: 0 - type: integer 
	Parameter C_FSYNC_HSTART2 bound to: 0 - type: integer 
	Parameter C_FSYNC_VSTART2 bound to: 0 - type: integer 
	Parameter C_FSYNC_HSTART3 bound to: 0 - type: integer 
	Parameter C_FSYNC_VSTART3 bound to: 0 - type: integer 
	Parameter C_FSYNC_HSTART4 bound to: 0 - type: integer 
	Parameter C_FSYNC_VSTART4 bound to: 0 - type: integer 
	Parameter C_FSYNC_HSTART5 bound to: 0 - type: integer 
	Parameter C_FSYNC_VSTART5 bound to: 0 - type: integer 
	Parameter C_FSYNC_HSTART6 bound to: 0 - type: integer 
	Parameter C_FSYNC_VSTART6 bound to: 0 - type: integer 
	Parameter C_FSYNC_HSTART7 bound to: 0 - type: integer 
	Parameter C_FSYNC_VSTART7 bound to: 0 - type: integer 
	Parameter C_FSYNC_HSTART8 bound to: 0 - type: integer 
	Parameter C_FSYNC_VSTART8 bound to: 0 - type: integer 
	Parameter C_FSYNC_HSTART9 bound to: 0 - type: integer 
	Parameter C_FSYNC_VSTART9 bound to: 0 - type: integer 
	Parameter C_FSYNC_HSTART10 bound to: 0 - type: integer 
	Parameter C_FSYNC_VSTART10 bound to: 0 - type: integer 
	Parameter C_FSYNC_HSTART11 bound to: 0 - type: integer 
	Parameter C_FSYNC_VSTART11 bound to: 0 - type: integer 
	Parameter C_FSYNC_HSTART12 bound to: 0 - type: integer 
	Parameter C_FSYNC_VSTART12 bound to: 0 - type: integer 
	Parameter C_FSYNC_HSTART13 bound to: 0 - type: integer 
	Parameter C_FSYNC_VSTART13 bound to: 0 - type: integer 
	Parameter C_FSYNC_HSTART14 bound to: 0 - type: integer 
	Parameter C_FSYNC_VSTART14 bound to: 0 - type: integer 
	Parameter C_FSYNC_HSTART15 bound to: 0 - type: integer 
	Parameter C_FSYNC_VSTART15 bound to: 0 - type: integer 
	Parameter C_MAX_PIXELS bound to: 4096 - type: integer 
	Parameter C_MAX_LINES bound to: 4096 - type: integer 
	Parameter C_NUM_FSYNCS bound to: 1 - type: integer 
	Parameter C_INTERLACE_EN bound to: 1 - type: integer 
	Parameter C_GEN_AUTO_SWITCH bound to: 0 - type: integer 
	Parameter C_DETECT_EN bound to: 1 - type: integer 
	Parameter C_SYNC_EN bound to: 0 - type: integer 
	Parameter C_GENERATE_EN bound to: 1 - type: integer 
	Parameter C_DET_HSYNC_EN bound to: 1 - type: integer 
	Parameter C_DET_VSYNC_EN bound to: 1 - type: integer 
	Parameter C_DET_HBLANK_EN bound to: 1 - type: integer 
	Parameter C_DET_VBLANK_EN bound to: 1 - type: integer 
	Parameter C_DET_AVIDEO_EN bound to: 1 - type: integer 
	Parameter C_DET_ACHROMA_EN bound to: 0 - type: integer 
	Parameter C_GEN_HSYNC_EN bound to: 1 - type: integer 
	Parameter C_GEN_VSYNC_EN bound to: 1 - type: integer 
	Parameter C_GEN_HBLANK_EN bound to: 1 - type: integer 
	Parameter C_GEN_VBLANK_EN bound to: 1 - type: integer 
	Parameter C_GEN_AVIDEO_EN bound to: 1 - type: integer 
	Parameter C_GEN_ACHROMA_EN bound to: 0 - type: integer 
	Parameter C_GEN_FIELDID_EN bound to: 1 - type: integer 
	Parameter C_DET_FIELDID_EN bound to: 1 - type: integer 
INFO: [Synth 8-3491] module 'v_tc' declared at '/home/sergiu/Documents/DDC/DDC.srcs/sources_1/bd/System/ipshared/6694/hdl/v_tc_v6_1_vh_rfs.vhd:7217' bound to instance 'U0' of component 'v_tc' [/home/sergiu/Documents/DDC/DDC.srcs/sources_1/bd/System/ip/System_v_tc_0_1/synth/System_v_tc_0_1.vhd:249]
INFO: [Synth 8-256] done synthesizing module 'System_v_tc_0_1' (6#1) [/home/sergiu/Documents/DDC/DDC.srcs/sources_1/bd/System/ip/System_v_tc_0_1/synth/System_v_tc_0_1.vhd:82]
WARNING: [Synth 8-3331] design tc_generator has unconnected port gen_v0chroma_start[11]
WARNING: [Synth 8-3331] design tc_generator has unconnected port gen_v0chroma_start[10]
WARNING: [Synth 8-3331] design tc_generator has unconnected port gen_v0chroma_start[9]
WARNING: [Synth 8-3331] design tc_generator has unconnected port gen_v0chroma_start[8]
WARNING: [Synth 8-3331] design tc_generator has unconnected port gen_v0chroma_start[7]
WARNING: [Synth 8-3331] design tc_generator has unconnected port gen_v0chroma_start[6]
WARNING: [Synth 8-3331] design tc_generator has unconnected port gen_v0chroma_start[5]
WARNING: [Synth 8-3331] design tc_generator has unconnected port gen_v0chroma_start[4]
WARNING: [Synth 8-3331] design tc_generator has unconnected port gen_v0chroma_start[3]
WARNING: [Synth 8-3331] design tc_generator has unconnected port gen_v0chroma_start[2]
WARNING: [Synth 8-3331] design tc_generator has unconnected port gen_v0chroma_start[1]
WARNING: [Synth 8-3331] design tc_generator has unconnected port gen_v0chroma_start[0]
WARNING: [Synth 8-3331] design tc_generator has unconnected port gen_v1chroma_start[11]
WARNING: [Synth 8-3331] design tc_generator has unconnected port gen_v1chroma_start[10]
WARNING: [Synth 8-3331] design tc_generator has unconnected port gen_v1chroma_start[9]
WARNING: [Synth 8-3331] design tc_generator has unconnected port gen_v1chroma_start[8]
WARNING: [Synth 8-3331] design tc_generator has unconnected port gen_v1chroma_start[7]
WARNING: [Synth 8-3331] design tc_generator has unconnected port gen_v1chroma_start[6]
WARNING: [Synth 8-3331] design tc_generator has unconnected port gen_v1chroma_start[5]
WARNING: [Synth 8-3331] design tc_generator has unconnected port gen_v1chroma_start[4]
WARNING: [Synth 8-3331] design tc_generator has unconnected port gen_v1chroma_start[3]
WARNING: [Synth 8-3331] design tc_generator has unconnected port gen_v1chroma_start[2]
WARNING: [Synth 8-3331] design tc_generator has unconnected port gen_v1chroma_start[1]
WARNING: [Synth 8-3331] design tc_generator has unconnected port gen_v1chroma_start[0]
WARNING: [Synth 8-3331] design tc_generator has unconnected port det_v0chroma_start[11]
WARNING: [Synth 8-3331] design tc_generator has unconnected port det_v0chroma_start[10]
WARNING: [Synth 8-3331] design tc_generator has unconnected port det_v0chroma_start[9]
WARNING: [Synth 8-3331] design tc_generator has unconnected port det_v0chroma_start[8]
WARNING: [Synth 8-3331] design tc_generator has unconnected port det_v0chroma_start[7]
WARNING: [Synth 8-3331] design tc_generator has unconnected port det_v0chroma_start[6]
WARNING: [Synth 8-3331] design tc_generator has unconnected port det_v0chroma_start[5]
WARNING: [Synth 8-3331] design tc_generator has unconnected port det_v0chroma_start[4]
WARNING: [Synth 8-3331] design tc_generator has unconnected port det_v0chroma_start[3]
WARNING: [Synth 8-3331] design tc_generator has unconnected port det_v0chroma_start[2]
WARNING: [Synth 8-3331] design tc_generator has unconnected port det_v0chroma_start[1]
WARNING: [Synth 8-3331] design tc_generator has unconnected port det_v0chroma_start[0]
WARNING: [Synth 8-3331] design tc_generator has unconnected port det_v1chroma_start[11]
WARNING: [Synth 8-3331] design tc_generator has unconnected port det_v1chroma_start[10]
WARNING: [Synth 8-3331] design tc_generator has unconnected port det_v1chroma_start[9]
WARNING: [Synth 8-3331] design tc_generator has unconnected port det_v1chroma_start[8]
WARNING: [Synth 8-3331] design tc_generator has unconnected port det_v1chroma_start[7]
WARNING: [Synth 8-3331] design tc_generator has unconnected port det_v1chroma_start[6]
WARNING: [Synth 8-3331] design tc_generator has unconnected port det_v1chroma_start[5]
WARNING: [Synth 8-3331] design tc_generator has unconnected port det_v1chroma_start[4]
WARNING: [Synth 8-3331] design tc_generator has unconnected port det_v1chroma_start[3]
WARNING: [Synth 8-3331] design tc_generator has unconnected port det_v1chroma_start[2]
WARNING: [Synth 8-3331] design tc_generator has unconnected port det_v1chroma_start[1]
WARNING: [Synth 8-3331] design tc_generator has unconnected port det_v1chroma_start[0]
WARNING: [Synth 8-3331] design tc_detector has unconnected port active_chroma
WARNING: [Synth 8-3331] design tc_top has unconnected port control[31]
WARNING: [Synth 8-3331] design tc_top has unconnected port control[30]
WARNING: [Synth 8-3331] design tc_top has unconnected port control[29]
WARNING: [Synth 8-3331] design tc_top has unconnected port control[28]
WARNING: [Synth 8-3331] design tc_top has unconnected port control[27]
WARNING: [Synth 8-3331] design tc_top has unconnected port control[25]
WARNING: [Synth 8-3331] design tc_top has unconnected port control[12]
WARNING: [Synth 8-3331] design tc_top has unconnected port control[7]
WARNING: [Synth 8-3331] design tc_top has unconnected port control[6]
WARNING: [Synth 8-3331] design tc_top has unconnected port control[4]
WARNING: [Synth 8-3331] design tc_top has unconnected port control[1]
WARNING: [Synth 8-3331] design tc_top has unconnected port gen_encoding[0]
WARNING: [Synth 8-3331] design video_ctrl has unconnected port s_axi_awready
WARNING: [Synth 8-3331] design video_ctrl has unconnected port s_axi_wready
WARNING: [Synth 8-3331] design video_ctrl has unconnected port s_axi_bresp[1]
WARNING: [Synth 8-3331] design video_ctrl has unconnected port s_axi_bresp[0]
WARNING: [Synth 8-3331] design video_ctrl has unconnected port s_axi_bvalid
WARNING: [Synth 8-3331] design video_ctrl has unconnected port s_axi_rdata[31]
WARNING: [Synth 8-3331] design video_ctrl has unconnected port s_axi_rdata[30]
WARNING: [Synth 8-3331] design video_ctrl has unconnected port s_axi_rdata[29]
WARNING: [Synth 8-3331] design video_ctrl has unconnected port s_axi_rdata[28]
WARNING: [Synth 8-3331] design video_ctrl has unconnected port s_axi_rdata[27]
WARNING: [Synth 8-3331] design video_ctrl has unconnected port s_axi_rdata[26]
WARNING: [Synth 8-3331] design video_ctrl has unconnected port s_axi_rdata[25]
WARNING: [Synth 8-3331] design video_ctrl has unconnected port s_axi_rdata[24]
WARNING: [Synth 8-3331] design video_ctrl has unconnected port s_axi_rdata[23]
WARNING: [Synth 8-3331] design video_ctrl has unconnected port s_axi_rdata[22]
WARNING: [Synth 8-3331] design video_ctrl has unconnected port s_axi_rdata[21]
WARNING: [Synth 8-3331] design video_ctrl has unconnected port s_axi_rdata[20]
WARNING: [Synth 8-3331] design video_ctrl has unconnected port s_axi_rdata[19]
WARNING: [Synth 8-3331] design video_ctrl has unconnected port s_axi_rdata[18]
WARNING: [Synth 8-3331] design video_ctrl has unconnected port s_axi_rdata[17]
WARNING: [Synth 8-3331] design video_ctrl has unconnected port s_axi_rdata[16]
WARNING: [Synth 8-3331] design video_ctrl has unconnected port s_axi_rdata[15]
WARNING: [Synth 8-3331] design video_ctrl has unconnected port s_axi_rdata[14]
WARNING: [Synth 8-3331] design video_ctrl has unconnected port s_axi_rdata[13]
WARNING: [Synth 8-3331] design video_ctrl has unconnected port s_axi_rdata[12]
WARNING: [Synth 8-3331] design video_ctrl has unconnected port s_axi_rdata[11]
WARNING: [Synth 8-3331] design video_ctrl has unconnected port s_axi_rdata[10]
WARNING: [Synth 8-3331] design video_ctrl has unconnected port s_axi_rdata[9]
WARNING: [Synth 8-3331] design video_ctrl has unconnected port s_axi_rdata[8]
WARNING: [Synth 8-3331] design video_ctrl has unconnected port s_axi_rdata[7]
WARNING: [Synth 8-3331] design video_ctrl has unconnected port s_axi_rdata[6]
WARNING: [Synth 8-3331] design video_ctrl has unconnected port s_axi_rdata[5]
WARNING: [Synth 8-3331] design video_ctrl has unconnected port s_axi_rdata[4]
WARNING: [Synth 8-3331] design video_ctrl has unconnected port s_axi_rdata[3]
WARNING: [Synth 8-3331] design video_ctrl has unconnected port s_axi_rdata[2]
WARNING: [Synth 8-3331] design video_ctrl has unconnected port s_axi_rdata[1]
WARNING: [Synth 8-3331] design video_ctrl has unconnected port s_axi_rdata[0]
WARNING: [Synth 8-3331] design video_ctrl has unconnected port s_axi_rresp[1]
WARNING: [Synth 8-3331] design video_ctrl has unconnected port s_axi_rresp[0]
INFO: [Common 17-14] Message 'Synth 8-3331' appears 100 times and further instances of the messages will be disabled. Use the Tcl command set_msg_config to change the current settings.
---------------------------------------------------------------------------------
Finished RTL Elaboration : Time (s): cpu = 00:00:05 ; elapsed = 00:00:06 . Memory (MB): peak = 1344.355 ; gain = 139.461 ; free physical = 463 ; free virtual = 1878
---------------------------------------------------------------------------------

Report Check Netlist: 
+------+------------------+-------+---------+-------+------------------+
|      |Item              |Errors |Warnings |Status |Description       |
+------+------------------+-------+---------+-------+------------------+
|1     |multi_driven_nets |      0|        0|Passed |Multi driven nets |
+------+------------------+-------+---------+-------+------------------+
---------------------------------------------------------------------------------
Start Handling Custom Attributes
---------------------------------------------------------------------------------
---------------------------------------------------------------------------------
Finished Handling Custom Attributes : Time (s): cpu = 00:00:05 ; elapsed = 00:00:07 . Memory (MB): peak = 1344.355 ; gain = 139.461 ; free physical = 457 ; free virtual = 1873
---------------------------------------------------------------------------------
---------------------------------------------------------------------------------
Finished RTL Optimization Phase 1 : Time (s): cpu = 00:00:05 ; elapsed = 00:00:07 . Memory (MB): peak = 1344.355 ; gain = 139.461 ; free physical = 459 ; free virtual = 1875
---------------------------------------------------------------------------------
INFO: [Device 21-403] Loading part xc7z020clg400-1
INFO: [Project 1-570] Preparing netlist for logic optimization

Processing XDC Constraints
Initializing timing engine
Parsing XDC File [/home/sergiu/Documents/DDC/DDC.srcs/sources_1/bd/System/ip/System_v_tc_0_1/System_v_tc_0_1_ooc.xdc] for cell 'U0'
Finished Parsing XDC File [/home/sergiu/Documents/DDC/DDC.srcs/sources_1/bd/System/ip/System_v_tc_0_1/System_v_tc_0_1_ooc.xdc] for cell 'U0'
Parsing XDC File [/home/sergiu/Documents/DDC/DDC.runs/System_v_tc_0_1_synth_1/dont_touch.xdc]
Finished Parsing XDC File [/home/sergiu/Documents/DDC/DDC.runs/System_v_tc_0_1_synth_1/dont_touch.xdc]
Parsing XDC File [/home/sergiu/Documents/DDC/DDC.srcs/sources_1/bd/System/ip/System_v_tc_0_1/System_v_tc_0_1_clocks.xdc] for cell 'U0'
Finished Parsing XDC File [/home/sergiu/Documents/DDC/DDC.srcs/sources_1/bd/System/ip/System_v_tc_0_1/System_v_tc_0_1_clocks.xdc] for cell 'U0'
Completed Processing XDC Constraints

INFO: [Project 1-111] Unisim Transformation Summary:
No Unisim elements were transformed.

Constraint Validation Runtime : Time (s): cpu = 00:00:00.05 ; elapsed = 00:00:00.04 . Memory (MB): peak = 1725.379 ; gain = 0.000 ; free physical = 119 ; free virtual = 1126
---------------------------------------------------------------------------------
Finished Constraint Validation : Time (s): cpu = 00:00:18 ; elapsed = 00:00:36 . Memory (MB): peak = 1725.379 ; gain = 520.484 ; free physical = 186 ; free virtual = 1059
---------------------------------------------------------------------------------
---------------------------------------------------------------------------------
Start Loading Part and Timing Information
---------------------------------------------------------------------------------
Loading part: xc7z020clg400-1
---------------------------------------------------------------------------------
Finished Loading Part and Timing Information : Time (s): cpu = 00:00:18 ; elapsed = 00:00:36 . Memory (MB): peak = 1725.379 ; gain = 520.484 ; free physical = 186 ; free virtual = 1058
---------------------------------------------------------------------------------
---------------------------------------------------------------------------------
Start Applying 'set_property' XDC Constraints
---------------------------------------------------------------------------------
Applied set_property DONT_TOUCH = true for U0. (constraint file  /home/sergiu/Documents/DDC/DDC.runs/System_v_tc_0_1_synth_1/dont_touch.xdc, line 9).
---------------------------------------------------------------------------------
Finished applying 'set_property' XDC Constraints : Time (s): cpu = 00:00:18 ; elapsed = 00:00:36 . Memory (MB): peak = 1725.379 ; gain = 520.484 ; free physical = 186 ; free virtual = 1058
---------------------------------------------------------------------------------
---------------------------------------------------------------------------------
Finished RTL Optimization Phase 2 : Time (s): cpu = 00:00:19 ; elapsed = 00:00:37 . Memory (MB): peak = 1725.379 ; gain = 520.484 ; free physical = 145 ; free virtual = 994
---------------------------------------------------------------------------------

Report RTL Partitions: 
+-+--------------+------------+----------+
| |RTL Partition |Replication |Instances |
+-+--------------+------------+----------+
+-+--------------+------------+----------+
---------------------------------------------------------------------------------
Start RTL Component Statistics 
---------------------------------------------------------------------------------
Detailed RTL Component Info : 
+---Adders : 
	   2 Input     12 Bit       Adders := 15    
	   3 Input     12 Bit       Adders := 12    
	   2 Input      3 Bit       Adders := 1     
	   2 Input      1 Bit       Adders := 1     
+---XORs : 
	   2 Input      1 Bit         XORs := 13    
+---Registers : 
	               32 Bit    Registers := 1     
	               17 Bit    Registers := 1     
	               12 Bit    Registers := 93    
	                7 Bit    Registers := 1     
	                4 Bit    Registers := 2     
	                3 Bit    Registers := 2     
	                2 Bit    Registers := 3     
	                1 Bit    Registers := 85    
+---Muxes : 
	   2 Input     32 Bit        Muxes := 7     
	   2 Input     17 Bit        Muxes := 1     
	   2 Input     12 Bit        Muxes := 47    
	   3 Input     12 Bit        Muxes := 1     
	   2 Input      2 Bit        Muxes := 4     
	   2 Input      1 Bit        Muxes := 117   
	   5 Input      1 Bit        Muxes := 1     
---------------------------------------------------------------------------------
Finished RTL Component Statistics 
---------------------------------------------------------------------------------
---------------------------------------------------------------------------------
Start RTL Hierarchical Component Statistics 
---------------------------------------------------------------------------------
Hierarchical RTL Component report 
Module tc_detector 
Detailed RTL Component Info : 
+---Adders : 
	   2 Input     12 Bit       Adders := 10    
	   3 Input     12 Bit       Adders := 12    
	   2 Input      3 Bit       Adders := 1     
+---XORs : 
	   2 Input      1 Bit         XORs := 6     
+---Registers : 
	               12 Bit    Registers := 67    
	                3 Bit    Registers := 1     
	                2 Bit    Registers := 2     
	                1 Bit    Registers := 53    
+---Muxes : 
	   2 Input     12 Bit        Muxes := 22    
	   2 Input      2 Bit        Muxes := 1     
	   2 Input      1 Bit        Muxes := 46    
Module tc_generator 
Detailed RTL Component Info : 
+---Adders : 
	   2 Input     12 Bit       Adders := 5     
	   2 Input      1 Bit       Adders := 1     
+---XORs : 
	   2 Input      1 Bit         XORs := 7     
+---Registers : 
	               17 Bit    Registers := 1     
	               12 Bit    Registers := 24    
	                2 Bit    Registers := 1     
	                1 Bit    Registers := 23    
+---Muxes : 
	   2 Input     17 Bit        Muxes := 1     
	   2 Input     12 Bit        Muxes := 23    
	   2 Input      2 Bit        Muxes := 3     
	   2 Input      1 Bit        Muxes := 57    
Module tc_top 
Detailed RTL Component Info : 
+---Registers : 
	               32 Bit    Registers := 1     
	                7 Bit    Registers := 1     
	                4 Bit    Registers := 2     
	                1 Bit    Registers := 9     
+---Muxes : 
	   2 Input     32 Bit        Muxes := 7     
	   2 Input      1 Bit        Muxes := 14    
	   5 Input      1 Bit        Muxes := 1     
Module v_tc 
Detailed RTL Component Info : 
+---Registers : 
	               12 Bit    Registers := 2     
	                3 Bit    Registers := 1     
+---Muxes : 
	   2 Input     12 Bit        Muxes := 2     
	   3 Input     12 Bit        Muxes := 1     
---------------------------------------------------------------------------------
Finished RTL Hierarchical Component Statistics
---------------------------------------------------------------------------------
---------------------------------------------------------------------------------
Start Part Resource Summary
---------------------------------------------------------------------------------
Part Resources:
DSPs: 220 (col length:60)
BRAMs: 280 (col length: RAMB18 60 RAMB36 30)
---------------------------------------------------------------------------------
Finished Part Resource Summary
---------------------------------------------------------------------------------
---------------------------------------------------------------------------------
Start Cross Boundary and Area Optimization
---------------------------------------------------------------------------------
Warning: Parallel synthesis criteria is not met 
INFO: [Synth 8-3886] merging instance 'U0/U_TC_TOP/GEN_GENERATOR.U_TC_GEN/v1active_start_reg[0]' (FDRE) to 'U0/U_TC_TOP/GEN_GENERATOR.U_TC_GEN/v1active_start_reg[1]'
INFO: [Synth 8-3886] merging instance 'U0/U_TC_TOP/GEN_GENERATOR.U_TC_GEN/v1active_start_reg[1]' (FDRE) to 'U0/U_TC_TOP/GEN_GENERATOR.U_TC_GEN/v1active_start_reg[2]'
INFO: [Synth 8-3886] merging instance 'U0/U_TC_TOP/GEN_GENERATOR.U_TC_GEN/v1active_start_reg[2]' (FDRE) to 'U0/U_TC_TOP/GEN_GENERATOR.U_TC_GEN/v1active_start_reg[3]'
INFO: [Synth 8-3886] merging instance 'U0/U_TC_TOP/GEN_GENERATOR.U_TC_GEN/v0active_start_reg[0]' (FDRE) to 'U0/U_TC_TOP/GEN_GENERATOR.U_TC_GEN/v0active_start_reg[1]'
INFO: [Synth 8-3886] merging instance 'U0/U_TC_TOP/GEN_GENERATOR.U_TC_GEN/v0active_start_reg[1]' (FDRE) to 'U0/U_TC_TOP/GEN_GENERATOR.U_TC_GEN/v0active_start_reg[2]'
INFO: [Synth 8-3886] merging instance 'U0/U_TC_TOP/GEN_GENERATOR.U_TC_GEN/v0active_start_reg[2]' (FDRE) to 'U0/U_TC_TOP/GEN_GENERATOR.U_TC_GEN/v0active_start_reg[3]'
INFO: [Synth 8-3886] merging instance 'U0/U_TC_TOP/GEN_GENERATOR.U_TC_GEN/hactive_start_reg[0]' (FDRE) to 'U0/U_TC_TOP/GEN_GENERATOR.U_TC_GEN/hactive_start_reg[1]'
INFO: [Synth 8-3886] merging instance 'U0/U_TC_TOP/GEN_GENERATOR.U_TC_GEN/hactive_start_reg[1]' (FDRE) to 'U0/U_TC_TOP/GEN_GENERATOR.U_TC_GEN/hactive_start_reg[2]'
INFO: [Synth 8-3886] merging instance 'U0/U_TC_TOP/GEN_GENERATOR.U_TC_GEN/hactive_start_reg[2]' (FDRE) to 'U0/U_TC_TOP/GEN_GENERATOR.U_TC_GEN/hactive_start_reg[3]'
INFO: [Synth 8-3886] merging instance 'U0/U_TC_TOP/GEN_GENERATOR.U_TC_GEN/v1active_start_reg[3]' (FDRE) to 'U0/U_TC_TOP/GEN_GENERATOR.U_TC_GEN/v1active_start_reg[4]'
INFO: [Synth 8-3886] merging instance 'U0/U_TC_TOP/GEN_GENERATOR.U_TC_GEN/v1active_start_reg[4]' (FDRE) to 'U0/U_TC_TOP/GEN_GENERATOR.U_TC_GEN/v1active_start_reg[5]'
INFO: [Synth 8-3886] merging instance 'U0/U_TC_TOP/GEN_GENERATOR.U_TC_GEN/v1active_start_reg[5]' (FDRE) to 'U0/U_TC_TOP/GEN_GENERATOR.U_TC_GEN/v1active_start_reg[6]'
INFO: [Synth 8-3886] merging instance 'U0/U_TC_TOP/GEN_GENERATOR.U_TC_GEN/v1active_start_reg[6]' (FDRE) to 'U0/U_TC_TOP/GEN_GENERATOR.U_TC_GEN/v1active_start_reg[7]'
INFO: [Synth 8-3886] merging instance 'U0/U_TC_TOP/GEN_GENERATOR.U_TC_GEN/v1active_start_reg[7]' (FDRE) to 'U0/U_TC_TOP/GEN_GENERATOR.U_TC_GEN/v1active_start_reg[8]'
INFO: [Synth 8-3886] merging instance 'U0/U_TC_TOP/GEN_GENERATOR.U_TC_GEN/v1active_start_reg[8]' (FDRE) to 'U0/U_TC_TOP/GEN_GENERATOR.U_TC_GEN/v1active_start_reg[9]'
INFO: [Synth 8-3886] merging instance 'U0/U_TC_TOP/GEN_GENERATOR.U_TC_GEN/v1active_start_reg[9]' (FDRE) to 'U0/U_TC_TOP/GEN_GENERATOR.U_TC_GEN/v1active_start_reg[10]'
INFO: [Synth 8-3886] merging instance 'U0/U_TC_TOP/GEN_GENERATOR.U_TC_GEN/v1active_start_reg[10]' (FDRE) to 'U0/U_TC_TOP/GEN_GENERATOR.U_TC_GEN/v1active_start_reg[11]'
INFO: [Synth 8-3333] propagating constant 0 across sequential element (U0/\U_TC_TOP/GEN_GENERATOR.U_TC_GEN/v1active_start_reg[11] )
INFO: [Synth 8-3886] merging instance 'U0/U_TC_TOP/GEN_GENERATOR.U_TC_GEN/v0active_start_reg[3]' (FDRE) to 'U0/U_TC_TOP/GEN_GENERATOR.U_TC_GEN/v0active_start_reg[4]'
INFO: [Synth 8-3886] merging instance 'U0/U_TC_TOP/GEN_GENERATOR.U_TC_GEN/v0active_start_reg[4]' (FDRE) to 'U0/U_TC_TOP/GEN_GENERATOR.U_TC_GEN/v0active_start_reg[5]'
INFO: [Synth 8-3886] merging instance 'U0/U_TC_TOP/GEN_GENERATOR.U_TC_GEN/v0active_start_reg[5]' (FDRE) to 'U0/U_TC_TOP/GEN_GENERATOR.U_TC_GEN/v0active_start_reg[6]'
INFO: [Synth 8-3886] merging instance 'U0/U_TC_TOP/GEN_GENERATOR.U_TC_GEN/v0active_start_reg[6]' (FDRE) to 'U0/U_TC_TOP/GEN_GENERATOR.U_TC_GEN/v0active_start_reg[7]'
INFO: [Synth 8-3886] merging instance 'U0/U_TC_TOP/GEN_GENERATOR.U_TC_GEN/v0active_start_reg[7]' (FDRE) to 'U0/U_TC_TOP/GEN_GENERATOR.U_TC_GEN/v0active_start_reg[8]'
INFO: [Synth 8-3886] merging instance 'U0/U_TC_TOP/GEN_GENERATOR.U_TC_GEN/v0active_start_reg[8]' (FDRE) to 'U0/U_TC_TOP/GEN_GENERATOR.U_TC_GEN/v0active_start_reg[9]'
INFO: [Synth 8-3886] merging instance 'U0/U_TC_TOP/GEN_GENERATOR.U_TC_GEN/v0active_start_reg[9]' (FDRE) to 'U0/U_TC_TOP/GEN_GENERATOR.U_TC_GEN/v0active_start_reg[10]'
INFO: [Synth 8-3886] merging instance 'U0/U_TC_TOP/GEN_GENERATOR.U_TC_GEN/v0active_start_reg[10]' (FDRE) to 'U0/U_TC_TOP/GEN_GENERATOR.U_TC_GEN/v0active_start_reg[11]'
INFO: [Synth 8-3333] propagating constant 0 across sequential element (U0/\U_TC_TOP/GEN_GENERATOR.U_TC_GEN/v0active_start_reg[11] )
INFO: [Synth 8-3886] merging instance 'U0/U_TC_TOP/GEN_GENERATOR.U_TC_GEN/hactive_start_reg[3]' (FDRE) to 'U0/U_TC_TOP/GEN_GENERATOR.U_TC_GEN/hactive_start_reg[4]'
INFO: [Synth 8-3886] merging instance 'U0/U_TC_TOP/GEN_GENERATOR.U_TC_GEN/hactive_start_reg[4]' (FDRE) to 'U0/U_TC_TOP/GEN_GENERATOR.U_TC_GEN/hactive_start_reg[5]'
INFO: [Synth 8-3886] merging instance 'U0/U_TC_TOP/GEN_GENERATOR.U_TC_GEN/hactive_start_reg[5]' (FDRE) to 'U0/U_TC_TOP/GEN_GENERATOR.U_TC_GEN/hactive_start_reg[6]'
INFO: [Synth 8-3886] merging instance 'U0/U_TC_TOP/GEN_GENERATOR.U_TC_GEN/hactive_start_reg[6]' (FDRE) to 'U0/U_TC_TOP/GEN_GENERATOR.U_TC_GEN/hactive_start_reg[7]'
INFO: [Synth 8-3886] merging instance 'U0/U_TC_TOP/GEN_GENERATOR.U_TC_GEN/hactive_start_reg[7]' (FDRE) to 'U0/U_TC_TOP/GEN_GENERATOR.U_TC_GEN/hactive_start_reg[8]'
INFO: [Synth 8-3886] merging instance 'U0/U_TC_TOP/GEN_GENERATOR.U_TC_GEN/hactive_start_reg[8]' (FDRE) to 'U0/U_TC_TOP/GEN_GENERATOR.U_TC_GEN/hactive_start_reg[9]'
INFO: [Synth 8-3886] merging instance 'U0/U_TC_TOP/GEN_GENERATOR.U_TC_GEN/hactive_start_reg[9]' (FDRE) to 'U0/U_TC_TOP/GEN_GENERATOR.U_TC_GEN/hactive_start_reg[10]'
INFO: [Synth 8-3886] merging instance 'U0/U_TC_TOP/GEN_GENERATOR.U_TC_GEN/hactive_start_reg[10]' (FDRE) to 'U0/U_TC_TOP/GEN_GENERATOR.U_TC_GEN/hactive_start_reg[11]'
INFO: [Synth 8-3333] propagating constant 0 across sequential element (U0/\U_TC_TOP/GEN_GENERATOR.U_TC_GEN/hactive_start_reg[11] )
INFO: [Synth 8-3333] propagating constant 0 across sequential element (U0/\U_TC_TOP/GEN_DETECTION.U_tc_DET/det_chroma_skip_int_reg[1] )
INFO: [Synth 8-3886] merging instance 'U0/U_TC_TOP/intr_status_int_reg[0]' (FDE) to 'U0/U_TC_TOP/intr_status_int_reg[1]'
INFO: [Synth 8-3886] merging instance 'U0/U_TC_TOP/intr_status_int_reg[1]' (FDE) to 'U0/U_TC_TOP/intr_status_int_reg[2]'
INFO: [Synth 8-3886] merging instance 'U0/U_TC_TOP/intr_status_int_reg[2]' (FDE) to 'U0/U_TC_TOP/intr_status_int_reg[3]'
INFO: [Synth 8-3886] merging instance 'U0/U_TC_TOP/intr_status_int_reg[3]' (FDE) to 'U0/U_TC_TOP/intr_status_int_reg[4]'
INFO: [Synth 8-3886] merging instance 'U0/U_TC_TOP/intr_status_int_reg[4]' (FDE) to 'U0/U_TC_TOP/intr_status_int_reg[5]'
INFO: [Synth 8-3886] merging instance 'U0/U_TC_TOP/intr_status_int_reg[5]' (FDE) to 'U0/U_TC_TOP/intr_status_int_reg[6]'
INFO: [Synth 8-3886] merging instance 'U0/U_TC_TOP/intr_status_int_reg[6]' (FDE) to 'U0/U_TC_TOP/intr_status_int_reg[7]'
INFO: [Synth 8-3333] propagating constant 1 across sequential element (U0/\U_TC_TOP/GEN_GENERATOR.U_TC_GEN/active_chroma_int_reg )
INFO: [Synth 8-3886] merging instance 'U0/U_TC_TOP/intr_error_int_reg[5]' (FDRE) to 'U0/U_TC_TOP/intr_error_int_reg[6]'
INFO: [Synth 8-3333] propagating constant 0 across sequential element (U0/\U_TC_TOP/intr_status_int_reg[7] )
INFO: [Synth 8-3886] merging instance 'U0/U_TC_TOP/intr_status_int_reg[14]' (FDE) to 'U0/U_TC_TOP/intr_status_int_reg[15]'
INFO: [Synth 8-3333] propagating constant 0 across sequential element (U0/\U_TC_TOP/intr_status_int_reg[15] )
INFO: [Synth 8-3886] merging instance 'U0/U_TC_TOP/intr_status_int_reg[17]' (FDE) to 'U0/U_TC_TOP/intr_status_int_reg[18]'
INFO: [Synth 8-3886] merging instance 'U0/U_TC_TOP/intr_status_int_reg[18]' (FDE) to 'U0/U_TC_TOP/intr_status_int_reg[19]'
INFO: [Synth 8-3886] merging instance 'U0/U_TC_TOP/intr_status_int_reg[19]' (FDE) to 'U0/U_TC_TOP/intr_status_int_reg[20]'
INFO: [Synth 8-3886] merging instance 'U0/U_TC_TOP/intr_status_int_reg[20]' (FDE) to 'U0/U_TC_TOP/intr_status_int_reg[21]'
INFO: [Synth 8-3886] merging instance 'U0/U_TC_TOP/intr_status_int_reg[21]' (FDE) to 'U0/U_TC_TOP/intr_status_int_reg[22]'
INFO: [Synth 8-3886] merging instance 'U0/U_TC_TOP/intr_status_int_reg[22]' (FDE) to 'U0/U_TC_TOP/intr_status_int_reg[23]'
INFO: [Synth 8-3886] merging instance 'U0/U_TC_TOP/intr_status_int_reg[23]' (FDE) to 'U0/U_TC_TOP/intr_status_int_reg[24]'
INFO: [Synth 8-3886] merging instance 'U0/U_TC_TOP/intr_status_int_reg[24]' (FDE) to 'U0/U_TC_TOP/intr_status_int_reg[25]'
INFO: [Synth 8-3886] merging instance 'U0/U_TC_TOP/intr_status_int_reg[25]' (FDE) to 'U0/U_TC_TOP/intr_status_int_reg[26]'
INFO: [Synth 8-3886] merging instance 'U0/U_TC_TOP/intr_status_int_reg[26]' (FDE) to 'U0/U_TC_TOP/intr_status_int_reg[27]'
INFO: [Synth 8-3886] merging instance 'U0/U_TC_TOP/intr_status_int_reg[27]' (FDE) to 'U0/U_TC_TOP/intr_status_int_reg[28]'
INFO: [Synth 8-3886] merging instance 'U0/U_TC_TOP/intr_status_int_reg[28]' (FDE) to 'U0/U_TC_TOP/intr_status_int_reg[29]'
INFO: [Synth 8-3886] merging instance 'U0/U_TC_TOP/intr_status_int_reg[29]' (FDE) to 'U0/U_TC_TOP/intr_status_int_reg[30]'
INFO: [Synth 8-3886] merging instance 'U0/U_TC_TOP/intr_status_int_reg[30]' (FDE) to 'U0/U_TC_TOP/intr_status_int_reg[31]'
INFO: [Synth 8-3333] propagating constant 0 across sequential element (U0/\U_TC_TOP/intr_status_int_reg[31] )
INFO: [Synth 8-3332] Sequential element (U_TC_TOP/GEN_DETECTION.U_tc_DET/found_chroma_reg) is unused and will be removed from module v_tc.
INFO: [Synth 8-3332] Sequential element (U_TC_TOP/GEN_DETECTION.U_tc_DET/det_v0chroma_start_int_reg[11]) is unused and will be removed from module v_tc.
INFO: [Synth 8-3332] Sequential element (U_TC_TOP/GEN_DETECTION.U_tc_DET/det_v0chroma_start_int_reg[10]) is unused and will be removed from module v_tc.
INFO: [Synth 8-3332] Sequential element (U_TC_TOP/GEN_DETECTION.U_tc_DET/det_v0chroma_start_int_reg[9]) is unused and will be removed from module v_tc.
INFO: [Synth 8-3332] Sequential element (U_TC_TOP/GEN_DETECTION.U_tc_DET/det_v0chroma_start_int_reg[8]) is unused and will be removed from module v_tc.
INFO: [Synth 8-3332] Sequential element (U_TC_TOP/GEN_DETECTION.U_tc_DET/det_v0chroma_start_int_reg[7]) is unused and will be removed from module v_tc.
INFO: [Synth 8-3332] Sequential element (U_TC_TOP/GEN_DETECTION.U_tc_DET/det_v0chroma_start_int_reg[6]) is unused and will be removed from module v_tc.
INFO: [Synth 8-3332] Sequential element (U_TC_TOP/GEN_DETECTION.U_tc_DET/det_v0chroma_start_int_reg[5]) is unused and will be removed from module v_tc.
INFO: [Synth 8-3332] Sequential element (U_TC_TOP/GEN_DETECTION.U_tc_DET/det_v0chroma_start_int_reg[4]) is unused and will be removed from module v_tc.
INFO: [Synth 8-3332] Sequential element (U_TC_TOP/GEN_DETECTION.U_tc_DET/det_v0chroma_start_int_reg[3]) is unused and will be removed from module v_tc.
INFO: [Synth 8-3332] Sequential element (U_TC_TOP/GEN_DETECTION.U_tc_DET/det_v0chroma_start_int_reg[2]) is unused and will be removed from module v_tc.
INFO: [Synth 8-3332] Sequential element (U_TC_TOP/GEN_DETECTION.U_tc_DET/det_v0chroma_start_int_reg[1]) is unused and will be removed from module v_tc.
INFO: [Synth 8-3332] Sequential element (U_TC_TOP/GEN_DETECTION.U_tc_DET/det_v0chroma_start_int_reg[0]) is unused and will be removed from module v_tc.
INFO: [Synth 8-3332] Sequential element (U_TC_TOP/GEN_DETECTION.U_tc_DET/V1_CHROMA.found_chroma_v1_reg) is unused and will be removed from module v_tc.
INFO: [Synth 8-3332] Sequential element (U_TC_TOP/GEN_DETECTION.U_tc_DET/V1_CHROMA.det_v1chroma_start_int_reg[11]) is unused and will be removed from module v_tc.
INFO: [Synth 8-3332] Sequential element (U_TC_TOP/GEN_DETECTION.U_tc_DET/V1_CHROMA.det_v1chroma_start_int_reg[10]) is unused and will be removed from module v_tc.
INFO: [Synth 8-3332] Sequential element (U_TC_TOP/GEN_DETECTION.U_tc_DET/V1_CHROMA.det_v1chroma_start_int_reg[9]) is unused and will be removed from module v_tc.
INFO: [Synth 8-3332] Sequential element (U_TC_TOP/GEN_DETECTION.U_tc_DET/V1_CHROMA.det_v1chroma_start_int_reg[8]) is unused and will be removed from module v_tc.
INFO: [Synth 8-3332] Sequential element (U_TC_TOP/GEN_DETECTION.U_tc_DET/V1_CHROMA.det_v1chroma_start_int_reg[7]) is unused and will be removed from module v_tc.
INFO: [Synth 8-3332] Sequential element (U_TC_TOP/GEN_DETECTION.U_tc_DET/V1_CHROMA.det_v1chroma_start_int_reg[6]) is unused and will be removed from module v_tc.
INFO: [Synth 8-3332] Sequential element (U_TC_TOP/GEN_DETECTION.U_tc_DET/V1_CHROMA.det_v1chroma_start_int_reg[5]) is unused and will be removed from module v_tc.
INFO: [Synth 8-3332] Sequential element (U_TC_TOP/GEN_DETECTION.U_tc_DET/V1_CHROMA.det_v1chroma_start_int_reg[4]) is unused and will be removed from module v_tc.
INFO: [Synth 8-3332] Sequential element (U_TC_TOP/GEN_DETECTION.U_tc_DET/V1_CHROMA.det_v1chroma_start_int_reg[3]) is unused and will be removed from module v_tc.
INFO: [Synth 8-3332] Sequential element (U_TC_TOP/GEN_DETECTION.U_tc_DET/V1_CHROMA.det_v1chroma_start_int_reg[2]) is unused and will be removed from module v_tc.
INFO: [Synth 8-3332] Sequential element (U_TC_TOP/GEN_DETECTION.U_tc_DET/V1_CHROMA.det_v1chroma_start_int_reg[1]) is unused and will be removed from module v_tc.
INFO: [Synth 8-3332] Sequential element (U_TC_TOP/GEN_DETECTION.U_tc_DET/V1_CHROMA.det_v1chroma_start_int_reg[0]) is unused and will be removed from module v_tc.
INFO: [Synth 8-3332] Sequential element (U_TC_TOP/GEN_DETECTION.U_tc_DET/last_chroma_reg) is unused and will be removed from module v_tc.
INFO: [Synth 8-3332] Sequential element (U_TC_TOP/GEN_DETECTION.U_tc_DET/det_chroma_skip_int_reg[1]) is unused and will be removed from module v_tc.
INFO: [Synth 8-3332] Sequential element (U_TC_TOP/GEN_DETECTION.U_tc_DET/det_chroma_skip_int_reg[0]) is unused and will be removed from module v_tc.
INFO: [Synth 8-3332] Sequential element (U_TC_TOP/GEN_GENERATOR.U_TC_GEN/hactive_start_reg[11]) is unused and will be removed from module v_tc.
INFO: [Synth 8-3332] Sequential element (U_TC_TOP/GEN_GENERATOR.U_TC_GEN/v0active_start_reg[11]) is unused and will be removed from module v_tc.
INFO: [Synth 8-3332] Sequential element (U_TC_TOP/GEN_GENERATOR.U_TC_GEN/v1active_start_reg[11]) is unused and will be removed from module v_tc.
INFO: [Synth 8-3332] Sequential element (U_TC_TOP/GEN_GENERATOR.U_TC_GEN/chroma_skip_reg[1]) is unused and will be removed from module v_tc.
INFO: [Synth 8-3332] Sequential element (U_TC_TOP/GEN_GENERATOR.U_TC_GEN/chroma_skip_reg[0]) is unused and will be removed from module v_tc.
INFO: [Synth 8-3332] Sequential element (U_TC_TOP/GEN_GENERATOR.U_TC_GEN/c_count_reg[0]) is unused and will be removed from module v_tc.
INFO: [Synth 8-3332] Sequential element (U_TC_TOP/GEN_GENERATOR.U_TC_GEN/active_chroma_int_reg) is unused and will be removed from module v_tc.
INFO: [Synth 8-3332] Sequential element (U_TC_TOP/GEN_GENERATOR.U_TC_GEN/c_count_d_reg[0]) is unused and will be removed from module v_tc.
INFO: [Synth 8-3332] Sequential element (U_TC_TOP/GEN_GENERATOR.U_TC_GEN/active_chroma_420_reg) is unused and will be removed from module v_tc.
INFO: [Synth 8-3332] Sequential element (U_TC_TOP/intr_status_int_reg[31]) is unused and will be removed from module v_tc.
INFO: [Synth 8-3332] Sequential element (U_TC_TOP/intr_status_int_reg[15]) is unused and will be removed from module v_tc.
INFO: [Synth 8-3332] Sequential element (U_TC_TOP/intr_status_int_reg[7]) is unused and will be removed from module v_tc.
INFO: [Synth 8-3332] Sequential element (gen_encoding_reg[2]) is unused and will be removed from module v_tc.
INFO: [Synth 8-3332] Sequential element (gen_encoding_reg[1]) is unused and will be removed from module v_tc.
INFO: [Synth 8-3332] Sequential element (gen_encoding_reg[0]) is unused and will be removed from module v_tc.
INFO: [Synth 8-3332] Sequential element (gen_v0chroma_start_reg[11]) is unused and will be removed from module v_tc.
INFO: [Synth 8-3332] Sequential element (gen_v0chroma_start_reg[10]) is unused and will be removed from module v_tc.
INFO: [Synth 8-3332] Sequential element (gen_v0chroma_start_reg[9]) is unused and will be removed from module v_tc.
INFO: [Synth 8-3332] Sequential element (gen_v0chroma_start_reg[8]) is unused and will be removed from module v_tc.
INFO: [Synth 8-3332] Sequential element (gen_v0chroma_start_reg[7]) is unused and will be removed from module v_tc.
INFO: [Synth 8-3332] Sequential element (gen_v0chroma_start_reg[6]) is unused and will be removed from module v_tc.
INFO: [Synth 8-3332] Sequential element (gen_v0chroma_start_reg[5]) is unused and will be removed from module v_tc.
INFO: [Synth 8-3332] Sequential element (gen_v0chroma_start_reg[4]) is unused and will be removed from module v_tc.
INFO: [Synth 8-3332] Sequential element (gen_v0chroma_start_reg[3]) is unused and will be removed from module v_tc.
INFO: [Synth 8-3332] Sequential element (gen_v0chroma_start_reg[2]) is unused and will be removed from module v_tc.
INFO: [Synth 8-3332] Sequential element (gen_v0chroma_start_reg[1]) is unused and will be removed from module v_tc.
---------------------------------------------------------------------------------
Finished Cross Boundary and Area Optimization : Time (s): cpu = 00:00:28 ; elapsed = 00:00:46 . Memory (MB): peak = 1725.379 ; gain = 520.484 ; free physical = 205 ; free virtual = 873
---------------------------------------------------------------------------------

Report RTL Partitions: 
+-+--------------+------------+----------+
| |RTL Partition |Replication |Instances |
+-+--------------+------------+----------+
+-+--------------+------------+----------+
---------------------------------------------------------------------------------
Start Applying XDC Timing Constraints
---------------------------------------------------------------------------------
---------------------------------------------------------------------------------
Finished Applying XDC Timing Constraints : Time (s): cpu = 00:00:36 ; elapsed = 00:00:57 . Memory (MB): peak = 1725.379 ; gain = 520.484 ; free physical = 558 ; free virtual = 1126
---------------------------------------------------------------------------------
---------------------------------------------------------------------------------
Start Timing Optimization
---------------------------------------------------------------------------------
---------------------------------------------------------------------------------
Finished Timing Optimization : Time (s): cpu = 00:00:40 ; elapsed = 00:01:02 . Memory (MB): peak = 1767.996 ; gain = 563.102 ; free physical = 218 ; free virtual = 753
---------------------------------------------------------------------------------

Report RTL Partitions: 
+-+--------------+------------+----------+
| |RTL Partition |Replication |Instances |
+-+--------------+------------+----------+
+-+--------------+------------+----------+
---------------------------------------------------------------------------------
Start Technology Mapping
---------------------------------------------------------------------------------
---------------------------------------------------------------------------------
Finished Technology Mapping : Time (s): cpu = 00:00:41 ; elapsed = 00:01:03 . Memory (MB): peak = 1767.996 ; gain = 563.102 ; free physical = 250 ; free virtual = 798
---------------------------------------------------------------------------------

Report RTL Partitions: 
+-+--------------+------------+----------+
| |RTL Partition |Replication |Instances |
+-+--------------+------------+----------+
+-+--------------+------------+----------+
---------------------------------------------------------------------------------
Start IO Insertion
---------------------------------------------------------------------------------
---------------------------------------------------------------------------------
Start Flattening Before IO Insertion
---------------------------------------------------------------------------------
---------------------------------------------------------------------------------
Finished Flattening Before IO Insertion
---------------------------------------------------------------------------------
---------------------------------------------------------------------------------
Start Final Netlist Cleanup
---------------------------------------------------------------------------------
INFO: [Synth 8-5365] Flop U_TC_TOP/GEN_GENERATOR.U_TC_GEN/htotal_reg[11] is being inverted and renamed to U_TC_TOP/GEN_GENERATOR.U_TC_GEN/htotal_reg[11]_inv.
---------------------------------------------------------------------------------
Finished Final Netlist Cleanup
---------------------------------------------------------------------------------
---------------------------------------------------------------------------------
Finished IO Insertion : Time (s): cpu = 00:00:42 ; elapsed = 00:01:04 . Memory (MB): peak = 1767.996 ; gain = 563.102 ; free physical = 838 ; free virtual = 1387
---------------------------------------------------------------------------------

Report Check Netlist: 
+------+------------------+-------+---------+-------+------------------+
|      |Item              |Errors |Warnings |Status |Description       |
+------+------------------+-------+---------+-------+------------------+
|1     |multi_driven_nets |      0|        0|Passed |Multi driven nets |
+------+------------------+-------+---------+-------+------------------+
---------------------------------------------------------------------------------
Start Renaming Generated Instances
---------------------------------------------------------------------------------
---------------------------------------------------------------------------------
Finished Renaming Generated Instances : Time (s): cpu = 00:00:42 ; elapsed = 00:01:04 . Memory (MB): peak = 1767.996 ; gain = 563.102 ; free physical = 833 ; free virtual = 1382
---------------------------------------------------------------------------------

Report RTL Partitions: 
+-+--------------+------------+----------+
| |RTL Partition |Replication |Instances |
+-+--------------+------------+----------+
+-+--------------+------------+----------+
---------------------------------------------------------------------------------
Start Rebuilding User Hierarchy
---------------------------------------------------------------------------------
---------------------------------------------------------------------------------
Finished Rebuilding User Hierarchy : Time (s): cpu = 00:00:42 ; elapsed = 00:01:04 . Memory (MB): peak = 1767.996 ; gain = 563.102 ; free physical = 815 ; free virtual = 1364
---------------------------------------------------------------------------------
---------------------------------------------------------------------------------
Start Renaming Generated Ports
---------------------------------------------------------------------------------
---------------------------------------------------------------------------------
Finished Renaming Generated Ports : Time (s): cpu = 00:00:42 ; elapsed = 00:01:04 . Memory (MB): peak = 1767.996 ; gain = 563.102 ; free physical = 815 ; free virtual = 1365
---------------------------------------------------------------------------------
---------------------------------------------------------------------------------
Start Handling Custom Attributes
---------------------------------------------------------------------------------
---------------------------------------------------------------------------------
Finished Handling Custom Attributes : Time (s): cpu = 00:00:42 ; elapsed = 00:01:04 . Memory (MB): peak = 1767.996 ; gain = 563.102 ; free physical = 839 ; free virtual = 1388
---------------------------------------------------------------------------------
---------------------------------------------------------------------------------
Start Renaming Generated Nets
---------------------------------------------------------------------------------
---------------------------------------------------------------------------------
Finished Renaming Generated Nets : Time (s): cpu = 00:00:42 ; elapsed = 00:01:04 . Memory (MB): peak = 1767.996 ; gain = 563.102 ; free physical = 880 ; free virtual = 1429
---------------------------------------------------------------------------------
---------------------------------------------------------------------------------
Start ROM, RAM, DSP and Shift Register Reporting
---------------------------------------------------------------------------------

Static Shift Register Report:
+------------+-------------------------------+--------+-------+--------------+--------------------+-------------------+--------+---------+
|Module Name | RTL Name                      | Length | Width | Reset Signal | Pull out first Reg | Pull out last Reg | SRL16E | SRLC32E | 
+------------+-------------------------------+--------+-------+--------------+--------------------+-------------------+--------+---------+
|v_tc        | U_TC_TOP/detect_en_d_reg[3]   | 4      | 1     | YES          | NO                 | YES               | 1      | 0       | 
|v_tc        | U_TC_TOP/generate_en_d_reg[3] | 4      | 1     | YES          | NO                 | YES               | 1      | 0       | 
+------------+-------------------------------+--------+-------+--------------+--------------------+-------------------+--------+---------+

---------------------------------------------------------------------------------
Finished ROM, RAM, DSP and Shift Register Reporting
---------------------------------------------------------------------------------
---------------------------------------------------------------------------------
Start Writing Synthesis Report
---------------------------------------------------------------------------------

Report BlackBoxes: 
+-+--------------+----------+
| |BlackBox name |Instances |
+-+--------------+----------+
+-+--------------+----------+

Report Cell Usage: 
+------+-------+------+
|      |Cell   |Count |
+------+-------+------+
|1     |CARRY4 |   194|
|2     |LUT1   |    93|
|3     |LUT2   |   125|
|4     |LUT3   |   487|
|5     |LUT4   |   349|
|6     |LUT5   |    63|
|7     |LUT6   |   224|
|8     |SRL16E |     2|
|9     |FDRE   |   966|
|10    |FDSE   |   295|
+------+-------+------+

Report Instance Areas: 
+------+-------------------------------+-------------+------+
|      |Instance                       |Module       |Cells |
+------+-------------------------------+-------------+------+
|1     |top                            |             |  2798|
|2     |  U0                           |v_tc         |  2798|
|3     |    U_VIDEO_CTRL               |video_ctrl   |     9|
|4     |    U_TC_TOP                   |tc_top       |  2787|
|5     |      \GEN_DETECTION.U_tc_DET  |tc_detector  |  2204|
|6     |      \GEN_GENERATOR.U_TC_GEN  |tc_generator |   539|
+------+-------------------------------+-------------+------+
---------------------------------------------------------------------------------
Finished Writing Synthesis Report : Time (s): cpu = 00:00:42 ; elapsed = 00:01:04 . Memory (MB): peak = 1767.996 ; gain = 563.102 ; free physical = 896 ; free virtual = 1446
---------------------------------------------------------------------------------
Synthesis finished with 0 errors, 0 critical warnings and 1738 warnings.
Synthesis Optimization Runtime : Time (s): cpu = 00:00:32 ; elapsed = 00:00:39 . Memory (MB): peak = 1767.996 ; gain = 182.078 ; free physical = 1078 ; free virtual = 1627
Synthesis Optimization Complete : Time (s): cpu = 00:00:42 ; elapsed = 00:01:04 . Memory (MB): peak = 1768.004 ; gain = 563.102 ; free physical = 1077 ; free virtual = 1627
INFO: [Project 1-571] Translating synthesized netlist
INFO: [Netlist 29-17] Analyzing 194 Unisim elements for replacement
INFO: [Netlist 29-28] Unisim Transformation completed in 0 CPU seconds
INFO: [Project 1-570] Preparing netlist for logic optimization
INFO: [Opt 31-138] Pushed 0 inverter(s) to 0 load pin(s).
INFO: [Project 1-111] Unisim Transformation Summary:
No Unisim elements were transformed.

INFO: [Common 17-83] Releasing license: Synthesis
135 Infos, 100 Warnings, 0 Critical Warnings and 0 Errors encountered.
synth_design completed successfully
synth_design: Time (s): cpu = 00:00:45 ; elapsed = 00:01:06 . Memory (MB): peak = 1800.012 ; gain = 606.734 ; free physical = 1660 ; free virtual = 2211
WARNING: [Constraints 18-5210] No constraint will be written out.
INFO: [Common 17-1381] The checkpoint '/home/sergiu/Documents/DDC/DDC.runs/System_v_tc_0_1_synth_1/System_v_tc_0_1.dcp' has been generated.
